<?xml version="1.0" encoding="UTF-8"?>
<!-- Generated by org.testng.reporters.JUnitReportReporter -->
<testsuite hostname="Admin" failures="0" tests="5" name="TestCases.LoginPageTest" time="92.516" errors="0" timestamp="2023-01-24T14:20:14 IST" skipped="0">
  <testcase classname="TestCases.LoginPageTest" name="verifyCurrentUrlTest" time="17.796"/>
  <system-out/>
  <testcase classname="TestCases.LoginPageTest" name="VerifyLoginInfoTest" time="12.399"/>
  <system-out/>
  <testcase classname="TestCases.LoginPageTest" name="verifyBotLogoTest" time="20.396"/>
  <system-out/>
  <testcase classname="TestCases.LoginPageTest" name="verifyLoginLogoTest" time="21.742"/>
  <system-out/>
  <testcase classname="TestCases.LoginPageTest" name="verifyTitleTest" time="20.183"/>
  <system-out/>
</testsuite> <!-- TestCases.LoginPageTest -->
