<?xml version="1.0" encoding="UTF-8"?>
<!-- Generated by org.testng.reporters.JUnitReportReporter -->
<testsuite hostname="Admin" failures="0" tests="1" name="TestCases.DependsOnTest" time="22.150" errors="0" timestamp="2023-01-24T14:25:15 IST" skipped="0">
  <testcase classname="TestCases.DependsOnTest" name="verifyTitleTest" time="22.150"/>
  <system-out/>
</testsuite> <!-- TestCases.DependsOnTest -->
